{"D:\\Food App\\src\\Components\\About.js": {"path":"D:\\Food App\\src\\Components\\About.js","statementMap":{"0":{"start":{"line":3,"column":14},"end":{"line":19,"column":1}},"1":{"start":{"line":4,"column":2},"end":{"line":18,"column":4}}},"fnMap":{"0":{"name":"(anonymous_0)","decl":{"start":{"line":3,"column":14},"end":{"line":3,"column":15}},"loc":{"start":{"line":3,"column":20},"end":{"line":19,"column":1}},"line":3}},"branchMap":{},"s":{"0":1,"1":1},"f":{"0":1},"b":{},"_coverageSchema":"1a1c01bbd47fc00a2c39e90264f33305004495a9","hash":"7bcce3e759892ca2747659af66fb07bad6bba161"}
,"D:\\Food App\\src\\Components\\Header.js": {"path":"D:\\Food App\\src\\Components\\Header.js","statementMap":{"0":{"start":{"line":5,"column":15},"end":{"line":43,"column":1}},"1":{"start":{"line":6,"column":23},"end":{"line":6,"column":40}},"2":{"start":{"line":7,"column":21},"end":{"line":7,"column":61}},"3":{"start":{"line":7,"column":44},"end":{"line":7,"column":60}},"4":{"start":{"line":8,"column":2},"end":{"line":42,"column":4}}},"fnMap":{"0":{"name":"(anonymous_0)","decl":{"start":{"line":5,"column":15},"end":{"line":5,"column":16}},"loc":{"start":{"line":5,"column":21},"end":{"line":43,"column":1}},"line":5},"1":{"name":"(anonymous_1)","decl":{"start":{"line":7,"column":33},"end":{"line":7,"column":34}},"loc":{"start":{"line":7,"column":44},"end":{"line":7,"column":60}},"line":7}},"branchMap":{"0":{"loc":{"start":{"line":15,"column":11},"end":{"line":17,"column":11}},"type":"cond-expr","locations":[{"start":{"line":15,"column":26},"end":{"line":15,"column":30}},{"start":{"line":16,"column":12},"end":{"line":16,"column":63}}],"line":15}},"s":{"0":1,"1":1,"2":1,"3":2,"4":1},"f":{"0":1,"1":2},"b":{"0":[1,0]},"_coverageSchema":"1a1c01bbd47fc00a2c39e90264f33305004495a9","hash":"8389a0e4f85d24e209973adcb5bfd631efabac10"}
,"D:\\Food App\\src\\Components\\Userclass.js": {"path":"D:\\Food App\\src\\Components\\Userclass.js","statementMap":{"0":{"start":{"line":5,"column":4},"end":{"line":5,"column":17}},"1":{"start":{"line":11,"column":46},"end":{"line":11,"column":56}},"2":{"start":{"line":13,"column":4},"end":{"line":29,"column":6}}},"fnMap":{"0":{"name":"(anonymous_0)","decl":{"start":{"line":4,"column":2},"end":{"line":4,"column":3}},"loc":{"start":{"line":4,"column":21},"end":{"line":9,"column":3}},"line":4},"1":{"name":"(anonymous_1)","decl":{"start":{"line":10,"column":2},"end":{"line":10,"column":3}},"loc":{"start":{"line":10,"column":11},"end":{"line":30,"column":3}},"line":10}},"branchMap":{},"s":{"0":1,"1":1,"2":1},"f":{"0":1,"1":1},"b":{},"_coverageSchema":"1a1c01bbd47fc00a2c39e90264f33305004495a9","hash":"8d5df568341de26821ee0c868c2344234c15b9bb"}
,"D:\\Food App\\src\\ReduxUtilis\\appStore.js": {"path":"D:\\Food App\\src\\ReduxUtilis\\appStore.js","statementMap":{"0":{"start":{"line":4,"column":17},"end":{"line":8,"column":2}}},"fnMap":{},"branchMap":{},"s":{"0":1},"f":{},"b":{},"_coverageSchema":"1a1c01bbd47fc00a2c39e90264f33305004495a9","hash":"d11e743bd41356753afdbfd90551ea18cea401f8"}
,"D:\\Food App\\src\\ReduxUtilis\\cartSlice.js": {"path":"D:\\Food App\\src\\ReduxUtilis\\cartSlice.js","statementMap":{"0":{"start":{"line":3,"column":18},"end":{"line":19,"column":2}},"1":{"start":{"line":10,"column":6},"end":{"line":10,"column":39}},"2":{"start":{"line":13,"column":6},"end":{"line":13,"column":24}},"3":{"start":{"line":16,"column":6},"end":{"line":16,"column":29}},"4":{"start":{"line":20,"column":50},"end":{"line":20,"column":67}}},"fnMap":{"0":{"name":"(anonymous_0)","decl":{"start":{"line":9,"column":13},"end":{"line":9,"column":14}},"loc":{"start":{"line":9,"column":32},"end":{"line":11,"column":5}},"line":9},"1":{"name":"(anonymous_1)","decl":{"start":{"line":12,"column":16},"end":{"line":12,"column":17}},"loc":{"start":{"line":12,"column":35},"end":{"line":14,"column":5}},"line":12},"2":{"name":"(anonymous_2)","decl":{"start":{"line":15,"column":15},"end":{"line":15,"column":16}},"loc":{"start":{"line":15,"column":26},"end":{"line":17,"column":5}},"line":15}},"branchMap":{},"s":{"0":1,"1":0,"2":0,"3":0,"4":1},"f":{"0":0,"1":0,"2":0},"b":{},"_coverageSchema":"1a1c01bbd47fc00a2c39e90264f33305004495a9","hash":"abe8175462f82c2087ba42ee89bb1d599a1bddca"}
,"D:\\Food App\\src\\utilis\\constant.js": {"path":"D:\\Food App\\src\\utilis\\constant.js","statementMap":{"0":{"start":{"line":2,"column":2},"end":{"line":2,"column":83}},"1":{"start":{"line":4,"column":2},"end":{"line":4,"column":85}},"2":{"start":{"line":7,"column":2},"end":{"line":7,"column":83}},"3":{"start":{"line":10,"column":2},"end":{"line":10,"column":162}},"4":{"start":{"line":13,"column":2},"end":{"line":13,"column":171}}},"fnMap":{},"branchMap":{},"s":{"0":1,"1":1,"2":1,"3":1,"4":1},"f":{},"b":{},"_coverageSchema":"1a1c01bbd47fc00a2c39e90264f33305004495a9","hash":"c8acf2881a82a1d67cb76b612e113abed39d360f"}
,"D:\\Food App\\src\\utilis\\useonlinestatus.js": {"path":"D:\\Food App\\src\\utilis\\useonlinestatus.js","statementMap":{"0":{"start":{"line":2,"column":24},"end":{"line":13,"column":1}},"1":{"start":{"line":3,"column":42},"end":{"line":3,"column":56}},"2":{"start":{"line":4,"column":2},"end":{"line":11,"column":9}},"3":{"start":{"line":5,"column":4},"end":{"line":7,"column":7}},"4":{"start":{"line":6,"column":6},"end":{"line":6,"column":29}},"5":{"start":{"line":8,"column":4},"end":{"line":10,"column":7}},"6":{"start":{"line":9,"column":6},"end":{"line":9,"column":28}},"7":{"start":{"line":12,"column":2},"end":{"line":12,"column":22}}},"fnMap":{"0":{"name":"(anonymous_0)","decl":{"start":{"line":2,"column":24},"end":{"line":2,"column":25}},"loc":{"start":{"line":2,"column":30},"end":{"line":13,"column":1}},"line":2},"1":{"name":"(anonymous_1)","decl":{"start":{"line":4,"column":12},"end":{"line":4,"column":13}},"loc":{"start":{"line":4,"column":18},"end":{"line":11,"column":3}},"line":4},"2":{"name":"(anonymous_2)","decl":{"start":{"line":5,"column":39},"end":{"line":5,"column":40}},"loc":{"start":{"line":5,"column":45},"end":{"line":7,"column":5}},"line":5},"3":{"name":"(anonymous_3)","decl":{"start":{"line":8,"column":38},"end":{"line":8,"column":39}},"loc":{"start":{"line":8,"column":44},"end":{"line":10,"column":5}},"line":8}},"branchMap":{},"s":{"0":1,"1":1,"2":1,"3":1,"4":0,"5":1,"6":0,"7":1},"f":{"0":1,"1":1,"2":0,"3":0},"b":{},"_coverageSchema":"1a1c01bbd47fc00a2c39e90264f33305004495a9","hash":"acf9b8dd10d71a7bc0bdeeb8fa902c9afbe24772"}
}
